<?xml version="1.0" encoding="UTF-8"?>
<!-- Generated by org.testng.reporters.JUnitXMLReporter -->
<testsuite ignored="0" hostname="ThejuIdepaPad" failures="0" tests="12" name="Test" time="164.594" errors="0" timestamp="2026-01-17T14:52:38 IST">
  <testcase classname="testscript.HomeTest" name="verifyLogout" time="6.872"/>
  <testcase classname="testscript.AdminTest" name="createAdmin" time="12.969"/>
  <testcase classname="testscript.NewsTest" name="addNews" time="7.371"/>
  <testcase classname="testscript.NewsTest" name="reset" time="6.678"/>
  <testcase classname="testscript.NewsTest" name="returntoHome" time="6.049"/>
  <testcase classname="testscript.NewsTest" name="searchNews" time="10.003"/>
  <testcase classname="testscript.LoginTest" name="verifyLoginwithValidCredentials" time="5.106"/>
  <testcase classname="testscript.LoginTest" name="verifyLoginInvalidUsernameValidPassword" time="1.862"/>
  <testcase classname="testscript.LoginTest" name="verifyLoginValidUsernameInvalidPassword" time="1.03"/>
  <testcase classname="testscript.LoginTest" name="verifyLoginInvalidCredentials" time="0.932"/>
  <testcase classname="testscript.LoginTest" name="verifyLoginInvalidCredentials" time="0.91"/>
  <testcase classname="testscript.LoginTest" name="verifyLoginInvalidCredentials" time="1.306"/>
</testsuite> <!-- Test -->
