<?xml version="1.0" encoding="UTF-8"?>
<!-- Generated by org.testng.reporters.JUnitReportReporter -->
<testsuite hostname="ThejuIdepaPad" failures="0" tests="4" name="testscript.NewsTest" time="65.732" errors="0" timestamp="2026-01-17T14:52:38 IST" skipped="0">
  <testcase classname="testscript.NewsTest" name="returntoHome" time="20.470"/>
  <testcase classname="testscript.NewsTest" name="searchNews" time="16.865"/>
  <testcase classname="testscript.NewsTest" name="reset" time="12.683"/>
  <testcase classname="testscript.NewsTest" name="addNews" time="15.714"/>
</testsuite> <!-- testscript.NewsTest -->
