<?xml version="1.0" encoding="UTF-8"?>
<!-- Generated by org.testng.reporters.JUnitReportReporter -->
<testsuite hostname="ThejuIdepaPad" failures="0" tests="6" name="testscript.LoginTest" time="59.118" errors="0" timestamp="2026-01-17T14:52:38 IST" skipped="0">
  <testcase classname="testscript.LoginTest" name="verifyLoginwithValidCredentials" time="10.491"/>
  <testcase classname="testscript.LoginTest" name="verifyLoginInvalidUsernameValidPassword" time="11.108"/>
  <testcase classname="testscript.LoginTest" name="verifyLoginValidUsernameInvalidPassword" time="7.276"/>
  <testcase classname="testscript.LoginTest" name="verifyLoginInvalidCredentials" time="11.807"/>
  <testcase classname="testscript.LoginTest" name="verifyLoginInvalidCredentials" time="7.344"/>
  <testcase classname="testscript.LoginTest" name="verifyLoginInvalidCredentials" time="11.092"/>
</testsuite> <!-- testscript.LoginTest -->
